<?xml version="1.0" encoding="UTF-8"?>
<!-- Generated by org.testng.reporters.JUnitReportReporter -->
<testsuite hostname="Dell-PC" failures="0" tests="1" name="testCases.TC_Login" time="47.647" errors="0" timestamp="2022-01-04T12:07:27 IST" skipped="0">
  <testcase classname="testCases.TC_Login" name="login_TC" time="47.647"/>
  <system-out/>
</testsuite> <!-- testCases.TC_Login -->
