<?xml version="1.0" encoding="UTF-8"?>
<!-- Generated by org.testng.reporters.JUnitReportReporter -->
<testsuite hostname="Dell-PC" failures="0" tests="2" name="testCases.TC_bookmark" time="20.139" errors="0" timestamp="2022-01-03T20:39:07 IST" skipped="0">
  <testcase classname="testCases.TC_bookmark" name="bookmark_TC_02" time="5.491"/>
  <system-out/>
  <testcase classname="testCases.TC_bookmark" name="bookmark_TC_01" time="14.648"/>
  <system-out/>
</testsuite> <!-- testCases.TC_bookmark -->
