<?xml version="1.0" encoding="UTF-8"?>
<!-- Generated by org.testng.reporters.JUnitReportReporter -->
<testsuite hostname="Dell-PC" failures="0" tests="2" name="testCases.TC_Feedback" time="76.652" errors="0" timestamp="2022-01-04T09:43:01 IST" skipped="0">
  <testcase classname="testCases.TC_Feedback" name="feedback_TC_01" time="40.114"/>
  <system-out/>
  <testcase classname="testCases.TC_Feedback" name="feedback_TC_02" time="36.538"/>
  <system-out/>
</testsuite> <!-- testCases.TC_Feedback -->
