<?xml version="1.0" encoding="UTF-8"?>
<!-- Generated by org.testng.reporters.JUnitReportReporter -->
<testsuite hostname="Dell-PC" failures="0" tests="2" name="testCases.TC_Feedback_002" time="20.898" errors="0" timestamp="2022-01-03T19:46:14 IST" skipped="0">
  <testcase classname="testCases.TC_Feedback_002" name="feedback_TC_01" time="13.669"/>
  <system-out/>
  <testcase classname="testCases.TC_Feedback_002" name="feedback_TC_02" time="7.229"/>
  <system-out/>
</testsuite> <!-- testCases.TC_Feedback_002 -->
