<?xml version="1.0" encoding="UTF-8"?>
<!-- Generated by org.testng.reporters.JUnitReportReporter -->
<testsuite hostname="Dell-PC" failures="0" tests="1" name="testCases.TC_login" time="32.845" errors="0" timestamp="2022-01-04T01:31:27 IST" skipped="0">
  <testcase classname="testCases.TC_login" name="login_TC" time="32.845"/>
  <system-out/>
</testsuite> <!-- testCases.TC_login -->
