<?xml version="1.0" encoding="UTF-8"?>
<!-- Generated by org.testng.reporters.JUnitReportReporter -->
<testsuite hostname="Dell-PC" failures="0" tests="1" name="testCases.TC_ScoreCard" time="26.400" errors="0" timestamp="2022-01-04T17:34:42 IST" skipped="0">
  <testcase classname="testCases.TC_ScoreCard" name="scoreCard_TC_01" time="26.400"/>
  <system-out/>
</testsuite> <!-- testCases.TC_ScoreCard -->
