<?xml version="1.0" encoding="UTF-8"?>
<!-- Generated by org.testng.reporters.JUnitReportReporter -->
<testsuite hostname="Dell-PC" failures="0" tests="1" name="testCases.TC_ChangePassword_001" time="42.291" errors="0" timestamp="2022-01-04T02:19:32 IST" skipped="0">
  <testcase classname="testCases.TC_ChangePassword_001" name="changePassword_TC_02" time="42.291"/>
  <system-out/>
</testsuite> <!-- testCases.TC_ChangePassword_001 -->
