<?xml version="1.0" encoding="UTF-8"?>
<!-- Generated by org.testng.reporters.JUnitReportReporter -->
<testsuite hostname="Dell-PC" failures="0" tests="1" name="testCases.TC_LoginDDT_002" time="121.095" errors="0" timestamp="2022-01-02T15:42:17 IST" skipped="0">
  <testcase classname="testCases.TC_LoginDDT_002" name="testLogin" time="121.095"/>
  <system-out/>
</testsuite> <!-- testCases.TC_LoginDDT_002 -->
